生成启动时间为 2018/5/28 16:03:20。
     1>项目“D:\cocos2d\workspace\AIStudy_01\AIStudy_01\AIStudy_01.vcxproj”在节点 2 上(Build 个目标)。
     1>ClCompile:
         C:\Program Files (x86)\Microsoft Visual Studio 12.0\VC\bin\CL.exe /c /ZI /nologo /W3 /WX- /sdl /Od /Oy- /D WIN32 /D _DEBUG /D _CONSOLE /D _LIB /D _UNICODE /D UNICODE /Gm /EHsc /RTC1 /MDd /GS /fp:precise /Zc:wchar_t /Zc:forScope /Fo"Debug\\" /Fd"Debug\vc120.pdb" /Gd /TP /analyze- /errorReport:prompt MessageDispatcher.cpp MinerState.cpp
         MinerState.cpp
         正在生成代码...
         正在编译...
         MessageDispatcher.cpp
         正在生成代码...
       Link:
         C:\Program Files (x86)\Microsoft Visual Studio 12.0\VC\bin\link.exe /ERRORREPORT:PROMPT /OUT:"D:\cocos2d\workspace\AIStudy_01\Debug\AIStudy_01.exe" /INCREMENTAL /NOLOGO kernel32.lib user32.lib gdi32.lib winspool.lib comdlg32.lib advapi32.lib shell32.lib ole32.lib oleaut32.lib uuid.lib odbc32.lib odbccp32.lib /MANIFEST /MANIFESTUAC:"level='asInvoker' uiAccess='false'" /manifest:embed /DEBUG /PDB:"D:\cocos2d\workspace\AIStudy_01\Debug\AIStudy_01.pdb" /SUBSYSTEM:CONSOLE /TLBID:1 /DYNAMICBASE /NXCOMPAT /IMPLIB:"D:\cocos2d\workspace\AIStudy_01\Debug\AIStudy_01.lib" /MACHINE:X86 Debug\BaseGameEntity.obj
         Debug\EntityManager.obj
         Debug\main.obj
         Debug\MessageDispatcher.obj
         Debug\Miner.obj
         Debug\MinerState.obj
         Debug\State.obj
         AIStudy_01.vcxproj -> D:\cocos2d\workspace\AIStudy_01\Debug\AIStudy_01.exe
     1>已完成生成项目“D:\cocos2d\workspace\AIStudy_01\AIStudy_01\AIStudy_01.vcxproj”(Build 个目标)的操作。

生成成功。

已用时间 00:00:01.75
